{"level":"info","message":"Server is running on port 3000\nhttp://localhost:3000/","timestamp":"2025-10-02T16:13:40.779Z"}
{"level":"info","message":"Server is running on port 3000\nhttp://localhost:3000/","timestamp":"2025-10-02T16:14:26.665Z"}
{"level":"info","message":"Server is running on port 3000\nhttp://localhost:3000/","timestamp":"2025-10-02T16:14:32.535Z"}
{"level":"info","message":"Inngest functions available: 0","timestamp":"2025-10-02T16:14:32.538Z"}
{"level":"info","message":"Server is running on port 3000\nhttp://localhost:3000/","timestamp":"2025-10-02T16:14:42.393Z"}
{"level":"info","message":"Inngest functions available: ","timestamp":"2025-10-02T16:14:42.396Z"}
{"level":"info","message":"Server is running on port 3000\nhttp://localhost:3000/","timestamp":"2025-10-02T16:14:47.579Z"}
{"level":"info","message":"Inngest functions available: https","timestamp":"2025-10-02T16:14:47.582Z"}
{"level":"info","message":"Server is running on port 3000\nhttp://localhost:3000/","timestamp":"2025-10-02T16:14:48.942Z"}
{"level":"info","message":"Inngest functions available: https://app.inngest.com/app/ai-therapy/functions","timestamp":"2025-10-02T16:14:48.944Z"}
{"level":"info","message":"Server is running on port 3000\nhttp://localhost:3000/","timestamp":"2025-10-02T16:15:16.388Z"}
{"level":"info","message":"Inngest functions available: https://","timestamp":"2025-10-02T16:15:16.392Z"}
{"level":"info","message":"Server is running on port 3000\nhttp://localhost:3000/","timestamp":"2025-10-02T16:15:20.924Z"}
{"level":"info","message":"Inngest functions available: http://","timestamp":"2025-10-02T16:15:20.927Z"}
{"level":"info","message":"Server is running on port 3000\nhttp://localhost:3000/","timestamp":"2025-10-02T16:15:24.045Z"}
{"level":"info","message":"Inngest functions available: http://localhost:3000/inngest","timestamp":"2025-10-02T16:15:24.049Z"}
{"level":"info","message":"Server is running on port 3000\nhttp://localhost:3000/","timestamp":"2025-10-02T16:15:28.885Z"}
{"level":"info","message":"Inngest functions available: http://localhost:3000/api/","timestamp":"2025-10-02T16:15:28.889Z"}
{"level":"info","message":"Server is running on port 3000\nhttp://localhost:3000/","timestamp":"2025-10-02T16:15:30.471Z"}
{"level":"info","message":"Inngest functions available: http://localhost:3000/api/inngest","timestamp":"2025-10-02T16:15:30.474Z"}
{"level":"info","message":"Server is running on port 3000\nhttp://localhost:3000/","timestamp":"2025-10-02T16:15:38.990Z"}
{"level":"info","message":"Inngest functions available: http://localhost:3000/api/inngest","timestamp":"2025-10-02T16:15:38.993Z"}
{"level":"info","message":"Server is running on port 3000\nhttp://localhost:3000/","timestamp":"2025-10-02T16:16:02.460Z"}
{"level":"info","message":"Inngest functions available: http://localhost:3000/api/inngest","timestamp":"2025-10-02T16:16:02.463Z"}
{"level":"info","message":"Server is running on port 3000\nhttp://localhost:3000/","timestamp":"2025-10-02T16:16:05.634Z"}
{"level":"info","message":"Inngest functions available: http://localhost:3000/api/inngest","timestamp":"2025-10-02T16:16:05.636Z"}
{"level":"info","message":"Server is running on port 3000\nhttp://localhost:3000/","timestamp":"2025-10-02T16:16:09.880Z"}
{"level":"info","message":"Inngest functions available: http://localhost:3000/api/inngest","timestamp":"2025-10-02T16:16:09.882Z"}
{"level":"info","message":"Server is running on port 3000\nhttp://localhost:3000/","timestamp":"2025-10-02T16:16:11.634Z"}
{"level":"info","message":"Inngest functions available: http://localhost:3000/api/inngest","timestamp":"2025-10-02T16:16:11.637Z"}
{"level":"info","message":"Server is running on port 3000\n          http://localhost:3000/","timestamp":"2025-10-02T16:16:24.349Z"}
{"level":"info","message":"Inngest functions available: http://localhost:3000/api/inngest","timestamp":"2025-10-02T16:16:24.351Z"}
{"level":"info","message":"Server is running on port 3000\n      http://localhost:3000/","timestamp":"2025-10-02T16:16:29.094Z"}
{"level":"info","message":"Inngest functions available: http://localhost:3000/api/inngest","timestamp":"2025-10-02T16:16:29.096Z"}
{"level":"info","message":"Server is running on port 3000\n      http://localhost:3000/","timestamp":"2025-10-02T16:16:39.699Z"}
{"level":"info","message":"Inngest functions available:\n        http://localhost:3000/api/inngest","timestamp":"2025-10-02T16:16:39.701Z"}
{"level":"info","message":"Server is running on port 3000\n      http://localhost:3000/","timestamp":"2025-10-02T16:16:43.306Z"}
{"level":"info","message":"Inngest functions available:\n      http://localhost:3000/api/inngest","timestamp":"2025-10-02T16:16:43.309Z"}
{"level":"info","message":"Server is running on port 3000\n      http://localhost:3000/","timestamp":"2025-10-02T16:17:29.121Z"}
{"level":"info","message":"Inngest functions available:\n      http://localhost:3000/api/inngest","timestamp":"2025-10-02T16:17:29.124Z"}
{"level":"info","message":"Server is running on port 3000\n      http://localhost:3000/","timestamp":"2025-10-02T16:17:47.885Z"}
{"level":"info","message":"Inngest functions available:\n      http://localhost:3000/api/inngest","timestamp":"2025-10-02T16:17:47.889Z"}
{"level":"info","message":"Server is running on port 3000\n      http://localhost:3000/","timestamp":"2025-10-02T16:17:49.648Z"}
{"level":"info","message":"Inngest functions available:\n      http://localhost:3000/api/inngest","timestamp":"2025-10-02T16:17:49.651Z"}
{"level":"info","message":"Server is running on port 3000\n      http://localhost:3000/","timestamp":"2025-10-02T16:17:51.521Z"}
{"level":"info","message":"Inngest functions available:\n      http://localhost:3000/api/inngest","timestamp":"2025-10-02T16:17:51.524Z"}
{"level":"info","message":"Server is running on port 3000\n      http://localhost:3000/","timestamp":"2025-10-02T16:18:03.510Z"}
{"level":"info","message":"Inngest functions available:\n      http://localhost:3000/api/inngest","timestamp":"2025-10-02T16:18:03.513Z"}
{"level":"info","message":"Server is running on port 3000\n      http://localhost:3000/","timestamp":"2025-10-02T16:18:06.381Z"}
{"level":"info","message":"Inngest functions available:\n      http://localhost:3000/api/inngest","timestamp":"2025-10-02T16:18:06.386Z"}
{"level":"info","message":"Server is running on port 3000\n      http://localhost:3000/","timestamp":"2025-10-02T16:18:18.224Z"}
{"level":"info","message":"Inngest functions available:\n      http://localhost:3000/api/inngest","timestamp":"2025-10-02T16:18:18.228Z"}
{"level":"info","message":"Server is running on port 3000\n      http://localhost:3000/","timestamp":"2025-10-02T16:18:23.194Z"}
{"level":"info","message":"Inngest functions available:\n      http://localhost:3000/api/inngest","timestamp":"2025-10-02T16:18:23.196Z"}
{"level":"info","message":"Server is running on port 3000\n      http://localhost:3000/","timestamp":"2025-10-02T16:18:27.378Z"}
{"level":"info","message":"Inngest functions available:\n      http://localhost:3000/api/inngest","timestamp":"2025-10-02T16:18:27.381Z"}
{"level":"info","message":"Server is running on port 3000\n      http://localhost:3000/","timestamp":"2025-10-02T16:18:42.422Z"}
{"level":"info","message":"Inngest functions available:\n      http://localhost:3000/api/inngest","timestamp":"2025-10-02T16:18:42.426Z"}
{"level":"info","message":"Server is running on port 3000\n      http://localhost:3000/","timestamp":"2025-10-02T16:18:53.430Z"}
{"level":"info","message":"Inngest functions available:\n      http://localhost:3000/api/inngest","timestamp":"2025-10-02T16:18:53.433Z"}
{"level":"info","message":"Server is running on port 3000\n      http://localhost:3000/","timestamp":"2025-10-02T16:18:56.844Z"}
{"level":"info","message":"Inngest functions available:\n      http://localhost:3000/api/inngest","timestamp":"2025-10-02T16:18:56.847Z"}
{"level":"info","message":"Server is running on port 3000\n      http://localhost:3000/","timestamp":"2025-10-02T16:19:04.846Z"}
{"level":"info","message":"Inngest functions available:\n      http://localhost:3000/api/inngest","timestamp":"2025-10-02T16:19:04.849Z"}
{"level":"info","message":"Server is running on port 3000\n      http://localhost:3000/","timestamp":"2025-10-02T16:19:28.933Z"}
{"level":"info","message":"Inngest functions available:\n      http://localhost:3000/api/inngest","timestamp":"2025-10-02T16:19:28.936Z"}
{"level":"info","message":"Server is running on port 3000\n      http://localhost:3000/","timestamp":"2025-10-02T16:19:33.463Z"}
{"level":"info","message":"Inngest functions available:\n      http://localhost:3000/api/inngest","timestamp":"2025-10-02T16:19:33.466Z"}
{"level":"info","message":"Server is running on port 3000\n      http://localhost:3000/","timestamp":"2025-10-02T16:20:03.994Z"}
{"level":"info","message":"Inngest functions available:\n      http://localhost:3000/api/inngest","timestamp":"2025-10-02T16:20:03.997Z"}
{"level":"info","message":"Server is running on port 3000\n      http://localhost:3000/","timestamp":"2025-10-02T16:29:10.899Z"}
{"level":"info","message":"Inngest functions available:\n      http://localhost:3000/api/inngest","timestamp":"2025-10-02T16:29:10.902Z"}
{"level":"info","message":"Server is running on port 3000\n      http://localhost:3000/","timestamp":"2025-10-02T16:29:17.911Z"}
{"level":"info","message":"Inngest functions available:\n      http://localhost:3000/api/inngest","timestamp":"2025-10-02T16:29:17.914Z"}
{"level":"info","message":"Server is running on port 3000\n      http://localhost:3000/","timestamp":"2025-10-02T16:29:23.877Z"}
{"level":"info","message":"Inngest functions available:\n      http://localhost:3000/api/inngest","timestamp":"2025-10-02T16:29:23.879Z"}
{"level":"info","message":"Server is running on port 3000\n      http://localhost:3000/","timestamp":"2025-10-02T16:29:39.212Z"}
{"level":"info","message":"Inngest functions available:\n      http://localhost:3000/api/inngest","timestamp":"2025-10-02T16:29:39.216Z"}
{"level":"info","message":"Server is running on port 3000\n      http://localhost:3000/","timestamp":"2025-10-02T16:29:45.688Z"}
{"level":"info","message":"Inngest functions available:\n      http://localhost:3000/api/inngest","timestamp":"2025-10-02T16:29:45.691Z"}
{"level":"info","message":"Server is running on port 3000\n      http://localhost:3000/","timestamp":"2025-10-02T16:29:49.666Z"}
{"level":"info","message":"Inngest functions available:\n      http://localhost:3000/api/inngest","timestamp":"2025-10-02T16:29:49.668Z"}
{"level":"info","message":"Server is running on port 3000\n      http://localhost:3000/","timestamp":"2025-10-02T16:29:52.946Z"}
{"level":"info","message":"Inngest functions available:\n      http://localhost:3000/api/inngest","timestamp":"2025-10-02T16:29:52.949Z"}
{"level":"info","message":"Server is running on port 3000\n      http://localhost:3000/","timestamp":"2025-10-02T16:29:59.300Z"}
{"level":"info","message":"Inngest functions available:\n      http://localhost:3000/api/inngest","timestamp":"2025-10-02T16:29:59.303Z"}
{"level":"info","message":"Server is running on port 3000\n      http://localhost:3000/","timestamp":"2025-10-02T16:30:01.400Z"}
{"level":"info","message":"Inngest functions available:\n      http://localhost:3000/api/inngest","timestamp":"2025-10-02T16:30:01.402Z"}
{"level":"info","message":"Server is running on port 3000\n      http://localhost:3000/","timestamp":"2025-10-02T16:30:04.935Z"}
{"level":"info","message":"Inngest functions available:\n      http://localhost:3000/api/inngest","timestamp":"2025-10-02T16:30:04.938Z"}
{"level":"info","message":"Server is running on port 3000\n      http://localhost:3000/","timestamp":"2025-10-02T16:30:06.467Z"}
{"level":"info","message":"Inngest functions available:\n      http://localhost:3000/api/inngest","timestamp":"2025-10-02T16:30:06.470Z"}
{"level":"info","message":"Server is running on port 3000\n      http://localhost:3000/","timestamp":"2025-10-02T16:32:26.451Z"}
{"level":"info","message":"Inngest functions available:\n      http://localhost:3000/api/inngest","timestamp":"2025-10-02T16:32:26.455Z"}
{"level":"info","message":"Server is running on port 3000\n      http://localhost:3000/","timestamp":"2025-10-02T16:32:33.071Z"}
{"level":"info","message":"Inngest functions available:\n      http://localhost:3000/api/inngest","timestamp":"2025-10-02T16:32:33.073Z"}
{"level":"info","message":"Server is running on port 3000\n      http://localhost:3000/","timestamp":"2025-10-02T16:35:04.700Z"}
{"level":"info","message":"Inngest functions available:\n      http://localhost:3000/api/inngest","timestamp":"2025-10-02T16:35:04.704Z"}
{"level":"info","message":"Server is running on port 3000\n      http://localhost:3000/","timestamp":"2025-10-02T16:36:06.873Z"}
{"level":"info","message":"Inngest functions available:\n      http://localhost:3000/api/inngest","timestamp":"2025-10-02T16:36:06.876Z"}
{"level":"info","message":"Server is running on port 3000\n      http://localhost:3000/","timestamp":"2025-10-02T16:36:38.944Z"}
{"level":"info","message":"Inngest functions available:\n      http://localhost:3000/api/inngest","timestamp":"2025-10-02T16:36:38.946Z"}
{"level":"info","message":"MongoDB connected successfully","timestamp":"2025-10-02T16:36:39.350Z"}
{"level":"info","message":"Server is running on port 3000\n      http://localhost:3000/","timestamp":"2025-10-02T16:37:18.411Z"}
{"level":"info","message":"Inngest functions available:\n      http://localhost:3000/api/inngest","timestamp":"2025-10-02T16:37:18.413Z"}
{"level":"info","message":"MongoDB connected successfully","timestamp":"2025-10-02T16:37:18.817Z"}
{"level":"info","message":"Server is running on port 3000\n      http://localhost:3000/","timestamp":"2025-10-02T16:38:00.885Z"}
{"level":"info","message":"Inngest functions available:\n      http://localhost:3000/api/inngest","timestamp":"2025-10-02T16:38:00.887Z"}
{"level":"info","message":"MongoDB connected successfully","timestamp":"2025-10-02T16:38:12.902Z"}
{"level":"info","message":"Server is running on port 3000\n      http://localhost:3000/","timestamp":"2025-10-02T16:38:12.907Z"}
{"level":"info","message":"Inngest functions available:\n      http://localhost:3000/api/inngest","timestamp":"2025-10-02T16:38:12.907Z"}
